18:46:27 INFO  : Registering command handlers for SDK TCF services
18:46:30 INFO  : Launching XSCT server: xsct -n -interactive /home/sdelcore/xilinx_workspace/temp_xsdb_launch_script.tcl
18:46:32 INFO  : XSCT server has started successfully.
18:46:33 INFO  : Successfully done setting XSCT server connection channel  
18:46:33 INFO  : Successfully done setting SDK workspace  
21:15:46 ERROR : (XSDB Server)Terminated

21:53:23 INFO  : Registering command handlers for SDK TCF services
21:53:24 INFO  : Launching XSCT server: xsct -n -interactive /home/sdelcore/xilinx_workspace/temp_xsdb_launch_script.tcl
21:53:26 INFO  : XSCT server has started successfully.
21:53:26 INFO  : Successfully done setting XSCT server connection channel  
21:53:26 INFO  : Successfully done setting SDK workspace  
21:56:08 INFO  : Project 'hw_plaform_0' created. You can now create BSPs and application projects targeting this hardware platform.
12:49:55 INFO  : Connected to target on host '127.0.0.1' and port '3121'.
12:49:55 INFO  : 'targets -set -filter {jtag_cable_name =~ "Avnet MiniZed V1 1234-oj1A" && level==0} -index 1' command is executed.
12:49:56 INFO  : FPGA configured successfully with bitstream "/home/sdelcore/xilinx_workspace/hw_plaform_0/System_wrapper.bit"
12:50:35 INFO  : 'targets -set -filter {jtag_cable_name =~ "Avnet MiniZed V1 1234-oj1A" && level==0} -index 1' command is executed.
12:50:35 INFO  : 'fpga -state' command is executed.
12:50:35 INFO  : Connected to target on host '127.0.0.1' and port '3121'.
12:50:35 INFO  : Jtag cable 'Avnet MiniZed V1 1234-oj1A' is selected.
12:50:35 INFO  : 'jtag frequency' command is executed.
12:50:36 INFO  : Sourcing of '/home/sdelcore/xilinx_workspace/hw_plaform_0/ps7_init.tcl' is done.
12:50:36 INFO  : Context for 'APU' is selected.
12:50:36 INFO  : Hardware design information is loaded from '/home/sdelcore/xilinx_workspace/hw_plaform_0/system.hdf'.
12:50:36 INFO  : 'configparams force-mem-access 1' command is executed.
12:50:36 INFO  : Context for 'APU' is selected.
12:50:36 INFO  : 'stop' command is executed.
12:50:36 INFO  : 'ps7_init' command is executed.
12:50:36 INFO  : 'ps7_post_config' command is executed.
12:50:36 INFO  : Context for processor 'ps7_cortexa9_0' is selected.
12:50:36 INFO  : Processor reset is completed for 'ps7_cortexa9_0'.
12:50:36 INFO  : Context for processor 'ps7_cortexa9_0' is selected.
12:50:36 INFO  : The application '/home/sdelcore/xilinx_workspace/Hello_Zed_C/Debug/Hello_Zed_C.elf' is downloaded to processor 'ps7_cortexa9_0'.
12:50:36 INFO  : 'configparams force-mem-access 0' command is executed.
12:50:36 INFO  : ----------------XSDB Script----------------
connect -url tcp:127.0.0.1:3121
source /home/sdelcore/xilinx_workspace/hw_plaform_0/ps7_init.tcl
targets -set -nocase -filter {name =~"APU*" && jtag_cable_name =~ "Avnet MiniZed V1 1234-oj1A"} -index 0
loadhw -hw /home/sdelcore/xilinx_workspace/hw_plaform_0/system.hdf -mem-ranges [list {0x40000000 0xbfffffff}]
configparams force-mem-access 1
targets -set -nocase -filter {name =~"APU*" && jtag_cable_name =~ "Avnet MiniZed V1 1234-oj1A"} -index 0
stop
ps7_init
ps7_post_config
targets -set -nocase -filter {name =~ "ARM*#0" && jtag_cable_name =~ "Avnet MiniZed V1 1234-oj1A"} -index 0
rst -processor
targets -set -nocase -filter {name =~ "ARM*#0" && jtag_cable_name =~ "Avnet MiniZed V1 1234-oj1A"} -index 0
dow /home/sdelcore/xilinx_workspace/Hello_Zed_C/Debug/Hello_Zed_C.elf
configparams force-mem-access 0
----------------End of Script----------------

12:50:36 INFO  : Memory regions updated for context APU
12:50:36 INFO  : Context for processor 'ps7_cortexa9_0' is selected.
12:50:36 INFO  : 'con' command is executed.
12:50:36 INFO  : ----------------XSDB Script (After Launch)----------------
targets -set -nocase -filter {name =~ "ARM*#0" && jtag_cable_name =~ "Avnet MiniZed V1 1234-oj1A"} -index 0
con
----------------End of Script----------------

12:50:36 INFO  : Launch script is exported to file '/home/sdelcore/xilinx_workspace/.sdk/launch_scripts/xilinx_c-c++_application_(system_debugger)/system_debugger_using_debug_hello_zed_c.elf_on_local.tcl'
12:52:01 INFO  : Disconnected from the channel tcfchan#1.
12:52:02 INFO  : 'targets -set -filter {jtag_cable_name =~ "Avnet MiniZed V1 1234-oj1A" && level==0} -index 1' command is executed.
12:52:02 INFO  : 'fpga -state' command is executed.
12:52:02 INFO  : Connected to target on host '127.0.0.1' and port '3121'.
12:52:02 INFO  : Jtag cable 'Avnet MiniZed V1 1234-oj1A' is selected.
12:52:02 INFO  : 'jtag frequency' command is executed.
12:52:02 INFO  : Sourcing of '/home/sdelcore/xilinx_workspace/hw_plaform_0/ps7_init.tcl' is done.
12:52:02 INFO  : Context for 'APU' is selected.
12:52:04 INFO  : Hardware design information is loaded from '/home/sdelcore/xilinx_workspace/hw_plaform_0/system.hdf'.
12:52:04 INFO  : 'configparams force-mem-access 1' command is executed.
12:52:04 INFO  : Context for 'APU' is selected.
12:52:04 INFO  : 'stop' command is executed.
12:52:04 INFO  : 'ps7_init' command is executed.
12:52:04 INFO  : 'ps7_post_config' command is executed.
12:52:04 INFO  : Context for processor 'ps7_cortexa9_0' is selected.
12:52:04 INFO  : Processor reset is completed for 'ps7_cortexa9_0'.
12:52:04 INFO  : Context for processor 'ps7_cortexa9_0' is selected.
12:52:05 INFO  : The application '/home/sdelcore/xilinx_workspace/Hello_Zed_C/Debug/Hello_Zed_C.elf' is downloaded to processor 'ps7_cortexa9_0'.
12:52:05 INFO  : 'configparams force-mem-access 0' command is executed.
12:52:05 INFO  : ----------------XSDB Script----------------
connect -url tcp:127.0.0.1:3121
source /home/sdelcore/xilinx_workspace/hw_plaform_0/ps7_init.tcl
targets -set -nocase -filter {name =~"APU*" && jtag_cable_name =~ "Avnet MiniZed V1 1234-oj1A"} -index 0
loadhw -hw /home/sdelcore/xilinx_workspace/hw_plaform_0/system.hdf -mem-ranges [list {0x40000000 0xbfffffff}]
configparams force-mem-access 1
targets -set -nocase -filter {name =~"APU*" && jtag_cable_name =~ "Avnet MiniZed V1 1234-oj1A"} -index 0
stop
ps7_init
ps7_post_config
targets -set -nocase -filter {name =~ "ARM*#0" && jtag_cable_name =~ "Avnet MiniZed V1 1234-oj1A"} -index 0
rst -processor
targets -set -nocase -filter {name =~ "ARM*#0" && jtag_cable_name =~ "Avnet MiniZed V1 1234-oj1A"} -index 0
dow /home/sdelcore/xilinx_workspace/Hello_Zed_C/Debug/Hello_Zed_C.elf
configparams force-mem-access 0
----------------End of Script----------------

12:52:05 INFO  : Memory regions updated for context APU
12:52:05 INFO  : Context for processor 'ps7_cortexa9_0' is selected.
12:52:05 INFO  : 'con' command is executed.
12:52:05 INFO  : ----------------XSDB Script (After Launch)----------------
targets -set -nocase -filter {name =~ "ARM*#0" && jtag_cable_name =~ "Avnet MiniZed V1 1234-oj1A"} -index 0
con
----------------End of Script----------------

12:52:05 INFO  : Launch script is exported to file '/home/sdelcore/xilinx_workspace/.sdk/launch_scripts/xilinx_c-c++_application_(system_debugger)/system_debugger_using_debug_hello_zed_c.elf_on_local.tcl'
12:52:41 INFO  : Disconnected from the channel tcfchan#2.
12:52:42 INFO  : 'targets -set -filter {jtag_cable_name =~ "Avnet MiniZed V1 1234-oj1A" && level==0} -index 1' command is executed.
12:52:42 INFO  : 'fpga -state' command is executed.
12:52:42 INFO  : Connected to target on host '127.0.0.1' and port '3121'.
12:52:42 INFO  : Jtag cable 'Avnet MiniZed V1 1234-oj1A' is selected.
12:52:42 INFO  : 'jtag frequency' command is executed.
12:52:42 INFO  : Sourcing of '/home/sdelcore/xilinx_workspace/hw_plaform_0/ps7_init.tcl' is done.
12:52:43 INFO  : Context for 'APU' is selected.
12:52:44 INFO  : Hardware design information is loaded from '/home/sdelcore/xilinx_workspace/hw_plaform_0/system.hdf'.
12:52:44 INFO  : 'configparams force-mem-access 1' command is executed.
12:52:44 INFO  : Context for 'APU' is selected.
12:52:44 INFO  : 'stop' command is executed.
12:52:44 INFO  : 'ps7_init' command is executed.
12:52:44 INFO  : 'ps7_post_config' command is executed.
12:52:44 INFO  : Context for processor 'ps7_cortexa9_0' is selected.
12:52:44 INFO  : Processor reset is completed for 'ps7_cortexa9_0'.
12:52:44 INFO  : Context for processor 'ps7_cortexa9_0' is selected.
12:52:44 INFO  : The application '/home/sdelcore/xilinx_workspace/Hello_Zed_C/Debug/Hello_Zed_C.elf' is downloaded to processor 'ps7_cortexa9_0'.
12:52:44 INFO  : 'configparams force-mem-access 0' command is executed.
12:52:44 INFO  : ----------------XSDB Script----------------
connect -url tcp:127.0.0.1:3121
source /home/sdelcore/xilinx_workspace/hw_plaform_0/ps7_init.tcl
targets -set -nocase -filter {name =~"APU*" && jtag_cable_name =~ "Avnet MiniZed V1 1234-oj1A"} -index 0
loadhw -hw /home/sdelcore/xilinx_workspace/hw_plaform_0/system.hdf -mem-ranges [list {0x40000000 0xbfffffff}]
configparams force-mem-access 1
targets -set -nocase -filter {name =~"APU*" && jtag_cable_name =~ "Avnet MiniZed V1 1234-oj1A"} -index 0
stop
ps7_init
ps7_post_config
targets -set -nocase -filter {name =~ "ARM*#0" && jtag_cable_name =~ "Avnet MiniZed V1 1234-oj1A"} -index 0
rst -processor
targets -set -nocase -filter {name =~ "ARM*#0" && jtag_cable_name =~ "Avnet MiniZed V1 1234-oj1A"} -index 0
dow /home/sdelcore/xilinx_workspace/Hello_Zed_C/Debug/Hello_Zed_C.elf
configparams force-mem-access 0
----------------End of Script----------------

12:52:44 INFO  : Memory regions updated for context APU
12:52:44 INFO  : Context for processor 'ps7_cortexa9_0' is selected.
12:52:44 INFO  : 'con' command is executed.
12:52:44 INFO  : ----------------XSDB Script (After Launch)----------------
targets -set -nocase -filter {name =~ "ARM*#0" && jtag_cable_name =~ "Avnet MiniZed V1 1234-oj1A"} -index 0
con
----------------End of Script----------------

12:52:44 INFO  : Launch script is exported to file '/home/sdelcore/xilinx_workspace/.sdk/launch_scripts/xilinx_c-c++_application_(system_debugger)/system_debugger_using_debug_hello_zed_c.elf_on_local.tcl'
12:55:31 INFO  : Connected to target on host '127.0.0.1' and port '3121'.
12:55:31 INFO  : 'targets -set -filter {jtag_cable_name =~ "Avnet MiniZed V1 1234-oj1A" && level==0} -index 1' command is executed.
12:55:32 INFO  : FPGA configured successfully with bitstream "/home/sdelcore/xilinx_workspace/hw_plaform_0/System_wrapper.bit"
12:55:49 INFO  : Disconnected from the channel tcfchan#3.
12:55:50 INFO  : 'targets -set -filter {jtag_cable_name =~ "Avnet MiniZed V1 1234-oj1A" && level==0} -index 1' command is executed.
12:55:50 INFO  : 'fpga -state' command is executed.
12:55:50 INFO  : Connected to target on host '127.0.0.1' and port '3121'.
12:55:50 INFO  : Jtag cable 'Avnet MiniZed V1 1234-oj1A' is selected.
12:55:50 INFO  : 'jtag frequency' command is executed.
12:55:50 INFO  : Sourcing of '/home/sdelcore/xilinx_workspace/hw_plaform_0/ps7_init.tcl' is done.
12:55:50 INFO  : Context for 'APU' is selected.
12:55:51 INFO  : Hardware design information is loaded from '/home/sdelcore/xilinx_workspace/hw_plaform_0/system.hdf'.
12:55:51 INFO  : 'configparams force-mem-access 1' command is executed.
12:55:51 INFO  : Context for 'APU' is selected.
12:55:51 INFO  : 'stop' command is executed.
12:55:51 INFO  : 'ps7_init' command is executed.
12:55:51 INFO  : 'ps7_post_config' command is executed.
12:55:51 INFO  : Context for processor 'ps7_cortexa9_0' is selected.
12:55:51 INFO  : Processor reset is completed for 'ps7_cortexa9_0'.
12:55:51 INFO  : Context for processor 'ps7_cortexa9_0' is selected.
12:55:52 INFO  : The application '/home/sdelcore/xilinx_workspace/Hello_Zed_C/Debug/Hello_Zed_C.elf' is downloaded to processor 'ps7_cortexa9_0'.
12:55:52 INFO  : 'configparams force-mem-access 0' command is executed.
12:55:52 INFO  : ----------------XSDB Script----------------
connect -url tcp:127.0.0.1:3121
source /home/sdelcore/xilinx_workspace/hw_plaform_0/ps7_init.tcl
targets -set -nocase -filter {name =~"APU*" && jtag_cable_name =~ "Avnet MiniZed V1 1234-oj1A"} -index 0
loadhw -hw /home/sdelcore/xilinx_workspace/hw_plaform_0/system.hdf -mem-ranges [list {0x40000000 0xbfffffff}]
configparams force-mem-access 1
targets -set -nocase -filter {name =~"APU*" && jtag_cable_name =~ "Avnet MiniZed V1 1234-oj1A"} -index 0
stop
ps7_init
ps7_post_config
targets -set -nocase -filter {name =~ "ARM*#0" && jtag_cable_name =~ "Avnet MiniZed V1 1234-oj1A"} -index 0
rst -processor
targets -set -nocase -filter {name =~ "ARM*#0" && jtag_cable_name =~ "Avnet MiniZed V1 1234-oj1A"} -index 0
dow /home/sdelcore/xilinx_workspace/Hello_Zed_C/Debug/Hello_Zed_C.elf
configparams force-mem-access 0
----------------End of Script----------------

12:55:52 INFO  : Memory regions updated for context APU
12:55:52 INFO  : Context for processor 'ps7_cortexa9_0' is selected.
12:55:52 INFO  : 'con' command is executed.
12:55:52 INFO  : ----------------XSDB Script (After Launch)----------------
targets -set -nocase -filter {name =~ "ARM*#0" && jtag_cable_name =~ "Avnet MiniZed V1 1234-oj1A"} -index 0
con
----------------End of Script----------------

12:55:52 INFO  : Launch script is exported to file '/home/sdelcore/xilinx_workspace/.sdk/launch_scripts/xilinx_c-c++_application_(system_debugger)/system_debugger_using_debug_hello_zed_c.elf_on_local.tcl'
15:58:48 INFO  : Disconnected from the channel tcfchan#4.
16:02:59 ERROR : Failed to connect to hardware server on host '127.0.0.1' and port '3121'.
Reason: 'connect -url tcp:127.0.0.1:3121' is cancelled.
16:02:59 ERROR : (XSDB Server)Hangup

16:04:24 INFO  : Registering command handlers for SDK TCF services
16:04:24 INFO  : Launching XSCT server: xsct -n -interactive /home/sdelcore/xilinx_workspace/temp_xsdb_launch_script.tcl
16:04:27 INFO  : XSCT server has started successfully.
16:04:27 INFO  : Successfully done setting XSCT server connection channel  
16:04:27 INFO  : Successfully done setting SDK workspace  
16:10:53 INFO  : Registering command handlers for SDK TCF services
16:10:54 INFO  : Launching XSCT server: xsct -n -interactive /home/sdelcore/xilinx_workspace/temp_xsdb_launch_script.tcl
16:10:57 INFO  : XSCT server has started successfully.
16:10:57 INFO  : Successfully done setting XSCT server connection channel  
16:10:57 INFO  : Successfully done setting SDK workspace  
16:15:52 INFO  : Connected to target on host '127.0.0.1' and port '3121'.
16:15:52 INFO  : 'targets -set -filter {jtag_cable_name =~ "Avnet MiniZed V1 1234-oj1A" && level==0} -index 1' command is executed.
16:15:53 INFO  : FPGA configured successfully with bitstream "/home/sdelcore/xilinx_workspace/hw_plaform_0/System_wrapper.bit"
16:16:08 INFO  : 'targets -set -filter {jtag_cable_name =~ "Avnet MiniZed V1 1234-oj1A" && level==0} -index 1' command is executed.
16:16:08 INFO  : 'fpga -state' command is executed.
16:16:08 INFO  : Connected to target on host '127.0.0.1' and port '3121'.
16:16:09 INFO  : Jtag cable 'Avnet MiniZed V1 1234-oj1A' is selected.
16:16:09 INFO  : 'jtag frequency' command is executed.
16:16:09 INFO  : Sourcing of '/home/sdelcore/xilinx_workspace/hw_plaform_0/ps7_init.tcl' is done.
16:16:09 INFO  : Context for 'APU' is selected.
16:16:09 INFO  : Hardware design information is loaded from '/home/sdelcore/xilinx_workspace/hw_plaform_0/system.hdf'.
16:16:09 INFO  : 'configparams force-mem-access 1' command is executed.
16:16:09 INFO  : Context for 'APU' is selected.
16:16:09 INFO  : 'stop' command is executed.
16:16:09 INFO  : 'ps7_init' command is executed.
16:16:09 INFO  : 'ps7_post_config' command is executed.
16:16:09 INFO  : Context for processor 'ps7_cortexa9_0' is selected.
16:16:09 INFO  : Processor reset is completed for 'ps7_cortexa9_0'.
16:16:09 INFO  : Context for processor 'ps7_cortexa9_0' is selected.
16:16:09 INFO  : The application '/home/sdelcore/xilinx_workspace/Hello_Zed_C/Debug/Hello_Zed_C.elf' is downloaded to processor 'ps7_cortexa9_0'.
16:16:09 INFO  : 'configparams force-mem-access 0' command is executed.
16:16:09 INFO  : ----------------XSDB Script----------------
connect -url tcp:127.0.0.1:3121
source /home/sdelcore/xilinx_workspace/hw_plaform_0/ps7_init.tcl
targets -set -nocase -filter {name =~"APU*" && jtag_cable_name =~ "Avnet MiniZed V1 1234-oj1A"} -index 0
loadhw -hw /home/sdelcore/xilinx_workspace/hw_plaform_0/system.hdf -mem-ranges [list {0x40000000 0xbfffffff}]
configparams force-mem-access 1
targets -set -nocase -filter {name =~"APU*" && jtag_cable_name =~ "Avnet MiniZed V1 1234-oj1A"} -index 0
stop
ps7_init
ps7_post_config
targets -set -nocase -filter {name =~ "ARM*#0" && jtag_cable_name =~ "Avnet MiniZed V1 1234-oj1A"} -index 0
rst -processor
targets -set -nocase -filter {name =~ "ARM*#0" && jtag_cable_name =~ "Avnet MiniZed V1 1234-oj1A"} -index 0
dow /home/sdelcore/xilinx_workspace/Hello_Zed_C/Debug/Hello_Zed_C.elf
configparams force-mem-access 0
----------------End of Script----------------

16:16:09 INFO  : Memory regions updated for context APU
16:16:09 INFO  : Context for processor 'ps7_cortexa9_0' is selected.
16:16:09 INFO  : 'con' command is executed.
16:16:09 INFO  : ----------------XSDB Script (After Launch)----------------
targets -set -nocase -filter {name =~ "ARM*#0" && jtag_cable_name =~ "Avnet MiniZed V1 1234-oj1A"} -index 0
con
----------------End of Script----------------

16:16:09 INFO  : Launch script is exported to file '/home/sdelcore/xilinx_workspace/.sdk/launch_scripts/xilinx_c-c++_application_(system_debugger)/system_debugger_using_debug_hello_zed_c.elf_on_local.tcl'
16:16:27 INFO  : Disconnected from the channel tcfchan#1.
16:20:24 INFO  : Registering command handlers for SDK TCF services
16:20:25 INFO  : Launching XSCT server: xsct -n -interactive /home/sdelcore/xilinx_workspace/temp_xsdb_launch_script.tcl
16:20:27 INFO  : XSCT server has started successfully.
16:20:27 INFO  : Successfully done setting XSCT server connection channel  
16:20:27 INFO  : Successfully done setting SDK workspace  
16:20:36 INFO  : Connected to target on host '127.0.0.1' and port '3121'.
16:20:36 INFO  : 'targets -set -filter {jtag_cable_name =~ "Avnet MiniZed V1 1234-oj1A" && level==0} -index 1' command is executed.
16:20:40 INFO  : FPGA configured successfully with bitstream "/home/sdelcore/xilinx_workspace/hw_plaform_0/System_wrapper.bit"
16:20:53 INFO  : 'targets -set -filter {jtag_cable_name =~ "Avnet MiniZed V1 1234-oj1A" && level==0} -index 1' command is executed.
16:20:53 INFO  : 'fpga -state' command is executed.
16:20:53 INFO  : Connected to target on host '127.0.0.1' and port '3121'.
16:20:53 INFO  : Jtag cable 'Avnet MiniZed V1 1234-oj1A' is selected.
16:20:53 INFO  : 'jtag frequency' command is executed.
16:20:53 INFO  : Sourcing of '/home/sdelcore/xilinx_workspace/hw_plaform_0/ps7_init.tcl' is done.
16:20:53 INFO  : Context for 'APU' is selected.
16:20:53 INFO  : Hardware design information is loaded from '/home/sdelcore/xilinx_workspace/hw_plaform_0/system.hdf'.
16:20:53 INFO  : 'configparams force-mem-access 1' command is executed.
16:20:53 INFO  : Context for 'APU' is selected.
16:20:53 INFO  : 'stop' command is executed.
16:20:54 INFO  : 'ps7_init' command is executed.
16:20:54 INFO  : 'ps7_post_config' command is executed.
16:20:54 INFO  : Context for processor 'ps7_cortexa9_0' is selected.
16:20:54 INFO  : Processor reset is completed for 'ps7_cortexa9_0'.
16:20:54 INFO  : Context for processor 'ps7_cortexa9_0' is selected.
16:20:54 INFO  : The application '/home/sdelcore/xilinx_workspace/Hello_Zed_C/Debug/Hello_Zed_C.elf' is downloaded to processor 'ps7_cortexa9_0'.
16:20:54 INFO  : 'configparams force-mem-access 0' command is executed.
16:20:54 INFO  : ----------------XSDB Script----------------
connect -url tcp:127.0.0.1:3121
source /home/sdelcore/xilinx_workspace/hw_plaform_0/ps7_init.tcl
targets -set -nocase -filter {name =~"APU*" && jtag_cable_name =~ "Avnet MiniZed V1 1234-oj1A"} -index 0
loadhw -hw /home/sdelcore/xilinx_workspace/hw_plaform_0/system.hdf -mem-ranges [list {0x40000000 0xbfffffff}]
configparams force-mem-access 1
targets -set -nocase -filter {name =~"APU*" && jtag_cable_name =~ "Avnet MiniZed V1 1234-oj1A"} -index 0
stop
ps7_init
ps7_post_config
targets -set -nocase -filter {name =~ "ARM*#0" && jtag_cable_name =~ "Avnet MiniZed V1 1234-oj1A"} -index 0
rst -processor
targets -set -nocase -filter {name =~ "ARM*#0" && jtag_cable_name =~ "Avnet MiniZed V1 1234-oj1A"} -index 0
dow /home/sdelcore/xilinx_workspace/Hello_Zed_C/Debug/Hello_Zed_C.elf
configparams force-mem-access 0
----------------End of Script----------------

16:20:54 INFO  : Memory regions updated for context APU
16:20:54 INFO  : Context for processor 'ps7_cortexa9_0' is selected.
16:20:54 INFO  : 'con' command is executed.
16:20:54 INFO  : ----------------XSDB Script (After Launch)----------------
targets -set -nocase -filter {name =~ "ARM*#0" && jtag_cable_name =~ "Avnet MiniZed V1 1234-oj1A"} -index 0
con
----------------End of Script----------------

16:20:54 INFO  : Launch script is exported to file '/home/sdelcore/xilinx_workspace/.sdk/launch_scripts/xilinx_c-c++_application_(system_debugger)/system_debugger_using_debug_hello_zed_c.elf_on_local.tcl'
16:21:23 INFO  : Connected to target on host '127.0.0.1' and port '3121'.
16:21:23 INFO  : 'targets -set -filter {jtag_cable_name =~ "Avnet MiniZed V1 1234-oj1A" && level==0} -index 1' command is executed.
16:21:25 INFO  : FPGA configured successfully with bitstream "/home/sdelcore/xilinx_workspace/hw_plaform_0/System_wrapper.bit"
16:21:37 INFO  : Disconnected from the channel tcfchan#1.
16:21:38 INFO  : 'targets -set -filter {jtag_cable_name =~ "Avnet MiniZed V1 1234-oj1A" && level==0} -index 1' command is executed.
16:21:38 INFO  : 'fpga -state' command is executed.
16:21:38 INFO  : Connected to target on host '127.0.0.1' and port '3121'.
16:21:38 INFO  : Jtag cable 'Avnet MiniZed V1 1234-oj1A' is selected.
16:21:38 INFO  : 'jtag frequency' command is executed.
16:21:38 INFO  : Sourcing of '/home/sdelcore/xilinx_workspace/hw_plaform_0/ps7_init.tcl' is done.
16:21:38 INFO  : Context for 'APU' is selected.
16:21:40 INFO  : Hardware design information is loaded from '/home/sdelcore/xilinx_workspace/hw_plaform_0/system.hdf'.
16:21:40 INFO  : 'configparams force-mem-access 1' command is executed.
16:21:40 INFO  : Context for 'APU' is selected.
16:21:40 INFO  : 'stop' command is executed.
16:21:40 INFO  : 'ps7_init' command is executed.
16:21:40 INFO  : 'ps7_post_config' command is executed.
16:21:40 INFO  : Context for processor 'ps7_cortexa9_0' is selected.
16:21:40 INFO  : Processor reset is completed for 'ps7_cortexa9_0'.
16:21:40 INFO  : Context for processor 'ps7_cortexa9_0' is selected.
16:21:40 INFO  : The application '/home/sdelcore/xilinx_workspace/Hello_Zed_C/Debug/Hello_Zed_C.elf' is downloaded to processor 'ps7_cortexa9_0'.
16:21:40 INFO  : 'configparams force-mem-access 0' command is executed.
16:21:40 INFO  : ----------------XSDB Script----------------
connect -url tcp:127.0.0.1:3121
source /home/sdelcore/xilinx_workspace/hw_plaform_0/ps7_init.tcl
targets -set -nocase -filter {name =~"APU*" && jtag_cable_name =~ "Avnet MiniZed V1 1234-oj1A"} -index 0
loadhw -hw /home/sdelcore/xilinx_workspace/hw_plaform_0/system.hdf -mem-ranges [list {0x40000000 0xbfffffff}]
configparams force-mem-access 1
targets -set -nocase -filter {name =~"APU*" && jtag_cable_name =~ "Avnet MiniZed V1 1234-oj1A"} -index 0
stop
ps7_init
ps7_post_config
targets -set -nocase -filter {name =~ "ARM*#0" && jtag_cable_name =~ "Avnet MiniZed V1 1234-oj1A"} -index 0
rst -processor
targets -set -nocase -filter {name =~ "ARM*#0" && jtag_cable_name =~ "Avnet MiniZed V1 1234-oj1A"} -index 0
dow /home/sdelcore/xilinx_workspace/Hello_Zed_C/Debug/Hello_Zed_C.elf
configparams force-mem-access 0
----------------End of Script----------------

16:21:40 INFO  : Memory regions updated for context APU
16:21:40 INFO  : Context for processor 'ps7_cortexa9_0' is selected.
16:21:40 INFO  : 'con' command is executed.
16:21:40 INFO  : ----------------XSDB Script (After Launch)----------------
targets -set -nocase -filter {name =~ "ARM*#0" && jtag_cable_name =~ "Avnet MiniZed V1 1234-oj1A"} -index 0
con
----------------End of Script----------------

16:21:40 INFO  : Launch script is exported to file '/home/sdelcore/xilinx_workspace/.sdk/launch_scripts/xilinx_c-c++_application_(system_debugger)/system_debugger_using_debug_hello_zed_c.elf_on_local.tcl'
16:30:46 INFO  : Connected to target on host '127.0.0.1' and port '3121'.
16:30:46 INFO  : 'targets -set -filter {jtag_cable_name =~ "Avnet MiniZed V1 1234-oj1A" && level==0} -index 1' command is executed.
16:30:50 INFO  : FPGA configured successfully with bitstream "/home/sdelcore/xilinx_workspace/hw_plaform_0/System_wrapper.bit"
16:31:03 INFO  : Disconnected from the channel tcfchan#2.
16:31:04 INFO  : 'targets -set -filter {jtag_cable_name =~ "Avnet MiniZed V1 1234-oj1A" && level==0} -index 1' command is executed.
16:31:04 INFO  : 'fpga -state' command is executed.
16:31:04 INFO  : Connected to target on host '127.0.0.1' and port '3121'.
16:31:04 INFO  : Jtag cable 'Avnet MiniZed V1 1234-oj1A' is selected.
16:31:04 INFO  : 'jtag frequency' command is executed.
16:31:04 INFO  : Sourcing of '/home/sdelcore/xilinx_workspace/hw_plaform_0/ps7_init.tcl' is done.
16:31:04 INFO  : Context for 'APU' is selected.
16:31:06 INFO  : Hardware design information is loaded from '/home/sdelcore/xilinx_workspace/hw_plaform_0/system.hdf'.
16:31:06 INFO  : 'configparams force-mem-access 1' command is executed.
16:31:06 INFO  : Context for 'APU' is selected.
16:31:06 INFO  : 'stop' command is executed.
16:31:06 INFO  : 'ps7_init' command is executed.
16:31:06 INFO  : 'ps7_post_config' command is executed.
16:31:06 INFO  : Context for processor 'ps7_cortexa9_0' is selected.
16:31:06 INFO  : Processor reset is completed for 'ps7_cortexa9_0'.
16:31:06 INFO  : Context for processor 'ps7_cortexa9_0' is selected.
16:31:06 INFO  : The application '/home/sdelcore/xilinx_workspace/Hello_Zed_C/Debug/Hello_Zed_C.elf' is downloaded to processor 'ps7_cortexa9_0'.
16:31:06 INFO  : 'configparams force-mem-access 0' command is executed.
16:31:06 INFO  : ----------------XSDB Script----------------
connect -url tcp:127.0.0.1:3121
source /home/sdelcore/xilinx_workspace/hw_plaform_0/ps7_init.tcl
targets -set -nocase -filter {name =~"APU*" && jtag_cable_name =~ "Avnet MiniZed V1 1234-oj1A"} -index 0
loadhw -hw /home/sdelcore/xilinx_workspace/hw_plaform_0/system.hdf -mem-ranges [list {0x40000000 0xbfffffff}]
configparams force-mem-access 1
targets -set -nocase -filter {name =~"APU*" && jtag_cable_name =~ "Avnet MiniZed V1 1234-oj1A"} -index 0
stop
ps7_init
ps7_post_config
targets -set -nocase -filter {name =~ "ARM*#0" && jtag_cable_name =~ "Avnet MiniZed V1 1234-oj1A"} -index 0
rst -processor
targets -set -nocase -filter {name =~ "ARM*#0" && jtag_cable_name =~ "Avnet MiniZed V1 1234-oj1A"} -index 0
dow /home/sdelcore/xilinx_workspace/Hello_Zed_C/Debug/Hello_Zed_C.elf
configparams force-mem-access 0
----------------End of Script----------------

16:31:06 INFO  : Memory regions updated for context APU
16:31:06 INFO  : Context for processor 'ps7_cortexa9_0' is selected.
16:31:06 INFO  : 'con' command is executed.
16:31:06 INFO  : ----------------XSDB Script (After Launch)----------------
targets -set -nocase -filter {name =~ "ARM*#0" && jtag_cable_name =~ "Avnet MiniZed V1 1234-oj1A"} -index 0
con
----------------End of Script----------------

16:31:06 INFO  : Launch script is exported to file '/home/sdelcore/xilinx_workspace/.sdk/launch_scripts/xilinx_c-c++_application_(system_debugger)/system_debugger_using_debug_hello_zed_c.elf_on_local.tcl'
16:31:30 INFO  : Disconnected from the channel tcfchan#3.
21:34:44 INFO  : Registering command handlers for SDK TCF services
21:34:45 INFO  : Launching XSCT server: xsct -n -interactive /home/sdelcore/xilinx_workspace/temp_xsdb_launch_script.tcl
21:34:47 INFO  : XSCT server has started successfully.
21:34:47 INFO  : Successfully done setting XSCT server connection channel  
21:34:47 INFO  : Successfully done setting SDK workspace  
21:35:33 INFO  : Connected to target on host '127.0.0.1' and port '3121'.
21:35:33 INFO  : 'targets -set -filter {jtag_cable_name =~ "Avnet MiniZed V1 1234-oj1A" && level==0} -index 1' command is executed.
21:35:35 INFO  : FPGA configured successfully with bitstream "/home/sdelcore/xilinx_workspace/hw_plaform_0/System_wrapper.bit"
21:36:12 INFO  : Connected to target on host '127.0.0.1' and port '3121'.
21:36:12 INFO  : 'targets -set -filter {jtag_cable_name =~ "Avnet MiniZed V1 1234-oj1A" && level==0} -index 1' command is executed.
21:36:13 INFO  : FPGA configured successfully with bitstream "/home/sdelcore/xilinx_workspace/hw_plaform_0/System_wrapper.bit"
21:36:26 INFO  : 'targets -set -filter {jtag_cable_name =~ "Avnet MiniZed V1 1234-oj1A" && level==0} -index 1' command is executed.
21:36:26 INFO  : 'fpga -state' command is executed.
21:36:26 INFO  : Connected to target on host '127.0.0.1' and port '3121'.
21:36:26 INFO  : Jtag cable 'Avnet MiniZed V1 1234-oj1A' is selected.
21:36:26 INFO  : 'jtag frequency' command is executed.
21:36:26 INFO  : Sourcing of '/home/sdelcore/xilinx_workspace/hw_plaform_0/ps7_init.tcl' is done.
21:36:26 INFO  : Context for 'APU' is selected.
21:36:26 INFO  : Hardware design information is loaded from '/home/sdelcore/xilinx_workspace/hw_plaform_0/system.hdf'.
21:36:27 INFO  : 'configparams force-mem-access 1' command is executed.
21:36:27 INFO  : Context for 'APU' is selected.
21:36:27 INFO  : 'stop' command is executed.
21:36:27 INFO  : 'ps7_init' command is executed.
21:36:27 INFO  : 'ps7_post_config' command is executed.
21:36:27 INFO  : Context for processor 'ps7_cortexa9_0' is selected.
21:36:27 INFO  : Processor reset is completed for 'ps7_cortexa9_0'.
21:36:27 INFO  : Context for processor 'ps7_cortexa9_0' is selected.
21:36:27 INFO  : The application '/home/sdelcore/xilinx_workspace/Hello_Zed_C/Debug/Hello_Zed_C.elf' is downloaded to processor 'ps7_cortexa9_0'.
21:36:27 INFO  : 'configparams force-mem-access 0' command is executed.
21:36:27 INFO  : ----------------XSDB Script----------------
connect -url tcp:127.0.0.1:3121
source /home/sdelcore/xilinx_workspace/hw_plaform_0/ps7_init.tcl
targets -set -nocase -filter {name =~"APU*" && jtag_cable_name =~ "Avnet MiniZed V1 1234-oj1A"} -index 0
loadhw -hw /home/sdelcore/xilinx_workspace/hw_plaform_0/system.hdf -mem-ranges [list {0x40000000 0xbfffffff}]
configparams force-mem-access 1
targets -set -nocase -filter {name =~"APU*" && jtag_cable_name =~ "Avnet MiniZed V1 1234-oj1A"} -index 0
stop
ps7_init
ps7_post_config
targets -set -nocase -filter {name =~ "ARM*#0" && jtag_cable_name =~ "Avnet MiniZed V1 1234-oj1A"} -index 0
rst -processor
targets -set -nocase -filter {name =~ "ARM*#0" && jtag_cable_name =~ "Avnet MiniZed V1 1234-oj1A"} -index 0
dow /home/sdelcore/xilinx_workspace/Hello_Zed_C/Debug/Hello_Zed_C.elf
configparams force-mem-access 0
----------------End of Script----------------

21:36:27 INFO  : Memory regions updated for context APU
21:36:27 INFO  : Context for processor 'ps7_cortexa9_0' is selected.
21:36:27 INFO  : 'con' command is executed.
21:36:27 INFO  : ----------------XSDB Script (After Launch)----------------
targets -set -nocase -filter {name =~ "ARM*#0" && jtag_cable_name =~ "Avnet MiniZed V1 1234-oj1A"} -index 0
con
----------------End of Script----------------

21:36:27 INFO  : Launch script is exported to file '/home/sdelcore/xilinx_workspace/.sdk/launch_scripts/xilinx_c-c++_application_(system_debugger)/system_debugger_using_debug_hello_zed_c.elf_on_local.tcl'
21:39:40 INFO  : Connected to target on host '127.0.0.1' and port '3121'.
21:39:40 INFO  : 'targets -set -filter {jtag_cable_name =~ "Avnet MiniZed V1 1234-oj1A" && level==0} -index 1' command is executed.
21:39:41 INFO  : FPGA configured successfully with bitstream "/home/sdelcore/xilinx_workspace/hw_plaform_0/System_wrapper.bit"
21:39:50 INFO  : Disconnected from the channel tcfchan#1.
21:39:51 INFO  : 'targets -set -filter {jtag_cable_name =~ "Avnet MiniZed V1 1234-oj1A" && level==0} -index 1' command is executed.
21:39:51 INFO  : 'fpga -state' command is executed.
21:39:51 INFO  : Connected to target on host '127.0.0.1' and port '3121'.
21:39:51 INFO  : Jtag cable 'Avnet MiniZed V1 1234-oj1A' is selected.
21:39:51 INFO  : 'jtag frequency' command is executed.
21:39:51 INFO  : Sourcing of '/home/sdelcore/xilinx_workspace/hw_plaform_0/ps7_init.tcl' is done.
21:39:51 INFO  : Context for 'APU' is selected.
21:39:52 INFO  : Hardware design information is loaded from '/home/sdelcore/xilinx_workspace/hw_plaform_0/system.hdf'.
21:39:52 INFO  : 'configparams force-mem-access 1' command is executed.
21:39:52 INFO  : Context for 'APU' is selected.
21:39:52 INFO  : 'stop' command is executed.
21:39:53 INFO  : 'ps7_init' command is executed.
21:39:53 INFO  : 'ps7_post_config' command is executed.
21:39:53 INFO  : Context for processor 'ps7_cortexa9_0' is selected.
21:39:53 INFO  : Processor reset is completed for 'ps7_cortexa9_0'.
21:39:53 INFO  : Context for processor 'ps7_cortexa9_0' is selected.
21:39:53 INFO  : The application '/home/sdelcore/xilinx_workspace/Hello_Zed_C/Debug/Hello_Zed_C.elf' is downloaded to processor 'ps7_cortexa9_0'.
21:39:53 INFO  : 'configparams force-mem-access 0' command is executed.
21:39:53 INFO  : ----------------XSDB Script----------------
connect -url tcp:127.0.0.1:3121
source /home/sdelcore/xilinx_workspace/hw_plaform_0/ps7_init.tcl
targets -set -nocase -filter {name =~"APU*" && jtag_cable_name =~ "Avnet MiniZed V1 1234-oj1A"} -index 0
loadhw -hw /home/sdelcore/xilinx_workspace/hw_plaform_0/system.hdf -mem-ranges [list {0x40000000 0xbfffffff}]
configparams force-mem-access 1
targets -set -nocase -filter {name =~"APU*" && jtag_cable_name =~ "Avnet MiniZed V1 1234-oj1A"} -index 0
stop
ps7_init
ps7_post_config
targets -set -nocase -filter {name =~ "ARM*#0" && jtag_cable_name =~ "Avnet MiniZed V1 1234-oj1A"} -index 0
rst -processor
targets -set -nocase -filter {name =~ "ARM*#0" && jtag_cable_name =~ "Avnet MiniZed V1 1234-oj1A"} -index 0
dow /home/sdelcore/xilinx_workspace/Hello_Zed_C/Debug/Hello_Zed_C.elf
configparams force-mem-access 0
----------------End of Script----------------

21:39:53 INFO  : Memory regions updated for context APU
21:39:53 INFO  : Context for processor 'ps7_cortexa9_0' is selected.
21:39:53 INFO  : 'con' command is executed.
21:39:53 INFO  : ----------------XSDB Script (After Launch)----------------
targets -set -nocase -filter {name =~ "ARM*#0" && jtag_cable_name =~ "Avnet MiniZed V1 1234-oj1A"} -index 0
con
----------------End of Script----------------

21:39:53 INFO  : Launch script is exported to file '/home/sdelcore/xilinx_workspace/.sdk/launch_scripts/xilinx_c-c++_application_(system_debugger)/system_debugger_using_debug_hello_zed_c.elf_on_local.tcl'
21:40:22 INFO  : Disconnected from the channel tcfchan#2.
21:40:23 INFO  : 'targets -set -filter {jtag_cable_name =~ "Avnet MiniZed V1 1234-oj1A" && level==0} -index 1' command is executed.
21:40:23 INFO  : 'fpga -state' command is executed.
21:40:23 INFO  : Connected to target on host '127.0.0.1' and port '3121'.
21:40:23 INFO  : Jtag cable 'Avnet MiniZed V1 1234-oj1A' is selected.
21:40:23 INFO  : 'jtag frequency' command is executed.
21:40:23 INFO  : Sourcing of '/home/sdelcore/xilinx_workspace/hw_plaform_0/ps7_init.tcl' is done.
21:40:23 INFO  : Context for 'APU' is selected.
21:40:24 INFO  : Hardware design information is loaded from '/home/sdelcore/xilinx_workspace/hw_plaform_0/system.hdf'.
21:40:24 INFO  : 'configparams force-mem-access 1' command is executed.
21:40:24 INFO  : Context for 'APU' is selected.
21:40:24 INFO  : 'stop' command is executed.
21:40:24 INFO  : 'ps7_init' command is executed.
21:40:24 INFO  : 'ps7_post_config' command is executed.
21:40:25 INFO  : Context for processor 'ps7_cortexa9_0' is selected.
21:40:25 INFO  : Processor reset is completed for 'ps7_cortexa9_0'.
21:40:25 INFO  : Context for processor 'ps7_cortexa9_0' is selected.
21:40:25 INFO  : The application '/home/sdelcore/xilinx_workspace/Hello_Zed_C/Debug/Hello_Zed_C.elf' is downloaded to processor 'ps7_cortexa9_0'.
21:40:25 INFO  : 'configparams force-mem-access 0' command is executed.
21:40:25 INFO  : ----------------XSDB Script----------------
connect -url tcp:127.0.0.1:3121
source /home/sdelcore/xilinx_workspace/hw_plaform_0/ps7_init.tcl
targets -set -nocase -filter {name =~"APU*" && jtag_cable_name =~ "Avnet MiniZed V1 1234-oj1A"} -index 0
loadhw -hw /home/sdelcore/xilinx_workspace/hw_plaform_0/system.hdf -mem-ranges [list {0x40000000 0xbfffffff}]
configparams force-mem-access 1
targets -set -nocase -filter {name =~"APU*" && jtag_cable_name =~ "Avnet MiniZed V1 1234-oj1A"} -index 0
stop
ps7_init
ps7_post_config
targets -set -nocase -filter {name =~ "ARM*#0" && jtag_cable_name =~ "Avnet MiniZed V1 1234-oj1A"} -index 0
rst -processor
targets -set -nocase -filter {name =~ "ARM*#0" && jtag_cable_name =~ "Avnet MiniZed V1 1234-oj1A"} -index 0
dow /home/sdelcore/xilinx_workspace/Hello_Zed_C/Debug/Hello_Zed_C.elf
configparams force-mem-access 0
----------------End of Script----------------

21:40:25 INFO  : Memory regions updated for context APU
21:40:25 INFO  : Context for processor 'ps7_cortexa9_0' is selected.
21:40:25 INFO  : 'con' command is executed.
21:40:25 INFO  : ----------------XSDB Script (After Launch)----------------
targets -set -nocase -filter {name =~ "ARM*#0" && jtag_cable_name =~ "Avnet MiniZed V1 1234-oj1A"} -index 0
con
----------------End of Script----------------

21:40:25 INFO  : Launch script is exported to file '/home/sdelcore/xilinx_workspace/.sdk/launch_scripts/xilinx_c-c++_application_(system_debugger)/system_debugger_using_debug_hello_zed_c.elf_on_local.tcl'
21:40:59 INFO  : Disconnected from the channel tcfchan#3.
21:41:00 INFO  : 'targets -set -filter {jtag_cable_name =~ "Avnet MiniZed V1 1234-oj1A" && level==0} -index 1' command is executed.
21:41:00 INFO  : 'fpga -state' command is executed.
21:41:00 INFO  : Connected to target on host '127.0.0.1' and port '3121'.
21:41:01 INFO  : Jtag cable 'Avnet MiniZed V1 1234-oj1A' is selected.
21:41:01 INFO  : 'jtag frequency' command is executed.
21:41:01 INFO  : Sourcing of '/home/sdelcore/xilinx_workspace/hw_plaform_0/ps7_init.tcl' is done.
21:41:01 INFO  : Context for 'APU' is selected.
21:41:02 INFO  : Hardware design information is loaded from '/home/sdelcore/xilinx_workspace/hw_plaform_0/system.hdf'.
21:41:02 INFO  : 'configparams force-mem-access 1' command is executed.
21:41:02 INFO  : Context for 'APU' is selected.
21:41:02 INFO  : 'stop' command is executed.
21:41:03 INFO  : 'ps7_init' command is executed.
21:41:03 INFO  : 'ps7_post_config' command is executed.
21:41:03 INFO  : Context for processor 'ps7_cortexa9_0' is selected.
21:41:03 INFO  : Processor reset is completed for 'ps7_cortexa9_0'.
21:41:03 INFO  : Context for processor 'ps7_cortexa9_0' is selected.
21:41:03 INFO  : The application '/home/sdelcore/xilinx_workspace/Hello_Zed_C/Debug/Hello_Zed_C.elf' is downloaded to processor 'ps7_cortexa9_0'.
21:41:03 INFO  : 'configparams force-mem-access 0' command is executed.
21:41:03 INFO  : ----------------XSDB Script----------------
connect -url tcp:127.0.0.1:3121
source /home/sdelcore/xilinx_workspace/hw_plaform_0/ps7_init.tcl
targets -set -nocase -filter {name =~"APU*" && jtag_cable_name =~ "Avnet MiniZed V1 1234-oj1A"} -index 0
loadhw -hw /home/sdelcore/xilinx_workspace/hw_plaform_0/system.hdf -mem-ranges [list {0x40000000 0xbfffffff}]
configparams force-mem-access 1
targets -set -nocase -filter {name =~"APU*" && jtag_cable_name =~ "Avnet MiniZed V1 1234-oj1A"} -index 0
stop
ps7_init
ps7_post_config
targets -set -nocase -filter {name =~ "ARM*#0" && jtag_cable_name =~ "Avnet MiniZed V1 1234-oj1A"} -index 0
rst -processor
targets -set -nocase -filter {name =~ "ARM*#0" && jtag_cable_name =~ "Avnet MiniZed V1 1234-oj1A"} -index 0
dow /home/sdelcore/xilinx_workspace/Hello_Zed_C/Debug/Hello_Zed_C.elf
configparams force-mem-access 0
----------------End of Script----------------

21:41:03 INFO  : Memory regions updated for context APU
21:41:03 INFO  : Context for processor 'ps7_cortexa9_0' is selected.
21:41:03 INFO  : 'con' command is executed.
21:41:03 INFO  : ----------------XSDB Script (After Launch)----------------
targets -set -nocase -filter {name =~ "ARM*#0" && jtag_cable_name =~ "Avnet MiniZed V1 1234-oj1A"} -index 0
con
----------------End of Script----------------

21:41:03 INFO  : Launch script is exported to file '/home/sdelcore/xilinx_workspace/.sdk/launch_scripts/xilinx_c-c++_application_(system_debugger)/system_debugger_using_debug_hello_zed_c.elf_on_local.tcl'
21:44:56 INFO  : Connected to target on host '127.0.0.1' and port '3121'.
21:44:56 INFO  : 'targets -set -filter {jtag_cable_name =~ "Avnet MiniZed V1 1234-oj1A" && level==0} -index 1' command is executed.
21:44:57 INFO  : FPGA configured successfully with bitstream "/home/sdelcore/xilinx_workspace/hw_plaform_0/System_wrapper.bit"
21:45:19 INFO  : Disconnected from the channel tcfchan#4.
21:45:20 INFO  : 'targets -set -filter {jtag_cable_name =~ "Avnet MiniZed V1 1234-oj1A" && level==0} -index 1' command is executed.
21:45:20 INFO  : 'fpga -state' command is executed.
21:45:20 INFO  : Connected to target on host '127.0.0.1' and port '3121'.
21:45:20 INFO  : Jtag cable 'Avnet MiniZed V1 1234-oj1A' is selected.
21:45:20 INFO  : 'jtag frequency' command is executed.
21:45:20 INFO  : Sourcing of '/home/sdelcore/xilinx_workspace/hw_plaform_0/ps7_init.tcl' is done.
21:45:20 INFO  : Context for 'APU' is selected.
21:45:22 INFO  : Hardware design information is loaded from '/home/sdelcore/xilinx_workspace/hw_plaform_0/system.hdf'.
21:45:22 INFO  : 'configparams force-mem-access 1' command is executed.
21:45:22 INFO  : Context for 'APU' is selected.
21:45:22 INFO  : 'stop' command is executed.
21:45:22 INFO  : 'ps7_init' command is executed.
21:45:22 INFO  : 'ps7_post_config' command is executed.
21:45:22 INFO  : Context for processor 'ps7_cortexa9_0' is selected.
21:45:22 INFO  : Processor reset is completed for 'ps7_cortexa9_0'.
21:45:22 INFO  : Context for processor 'ps7_cortexa9_0' is selected.
21:45:23 INFO  : The application '/home/sdelcore/xilinx_workspace/Hello_Zed_C/Debug/Hello_Zed_C.elf' is downloaded to processor 'ps7_cortexa9_0'.
21:45:23 INFO  : 'configparams force-mem-access 0' command is executed.
21:45:23 INFO  : ----------------XSDB Script----------------
connect -url tcp:127.0.0.1:3121
source /home/sdelcore/xilinx_workspace/hw_plaform_0/ps7_init.tcl
targets -set -nocase -filter {name =~"APU*" && jtag_cable_name =~ "Avnet MiniZed V1 1234-oj1A"} -index 0
loadhw -hw /home/sdelcore/xilinx_workspace/hw_plaform_0/system.hdf -mem-ranges [list {0x40000000 0xbfffffff}]
configparams force-mem-access 1
targets -set -nocase -filter {name =~"APU*" && jtag_cable_name =~ "Avnet MiniZed V1 1234-oj1A"} -index 0
stop
ps7_init
ps7_post_config
targets -set -nocase -filter {name =~ "ARM*#0" && jtag_cable_name =~ "Avnet MiniZed V1 1234-oj1A"} -index 0
rst -processor
targets -set -nocase -filter {name =~ "ARM*#0" && jtag_cable_name =~ "Avnet MiniZed V1 1234-oj1A"} -index 0
dow /home/sdelcore/xilinx_workspace/Hello_Zed_C/Debug/Hello_Zed_C.elf
configparams force-mem-access 0
----------------End of Script----------------

21:45:23 INFO  : Memory regions updated for context APU
21:45:23 INFO  : Context for processor 'ps7_cortexa9_0' is selected.
21:45:23 INFO  : 'con' command is executed.
21:45:23 INFO  : ----------------XSDB Script (After Launch)----------------
targets -set -nocase -filter {name =~ "ARM*#0" && jtag_cable_name =~ "Avnet MiniZed V1 1234-oj1A"} -index 0
con
----------------End of Script----------------

21:45:23 INFO  : Launch script is exported to file '/home/sdelcore/xilinx_workspace/.sdk/launch_scripts/xilinx_c-c++_application_(system_debugger)/system_debugger_using_debug_hello_zed_c.elf_on_local.tcl'
21:46:22 INFO  : Disconnected from the channel tcfchan#5.
21:46:24 INFO  : 'targets -set -filter {jtag_cable_name =~ "Avnet MiniZed V1 1234-oj1A" && level==0} -index 1' command is executed.
21:46:24 INFO  : 'fpga -state' command is executed.
21:46:24 INFO  : Connected to target on host '127.0.0.1' and port '3121'.
21:46:24 INFO  : Jtag cable 'Avnet MiniZed V1 1234-oj1A' is selected.
21:46:24 INFO  : 'jtag frequency' command is executed.
21:46:24 INFO  : Sourcing of '/home/sdelcore/xilinx_workspace/hw_plaform_0/ps7_init.tcl' is done.
21:46:24 INFO  : Context for 'APU' is selected.
21:46:25 INFO  : Hardware design information is loaded from '/home/sdelcore/xilinx_workspace/hw_plaform_0/system.hdf'.
21:46:25 INFO  : 'configparams force-mem-access 1' command is executed.
21:46:25 INFO  : Context for 'APU' is selected.
21:46:25 INFO  : 'stop' command is executed.
21:46:26 INFO  : 'ps7_init' command is executed.
21:46:26 INFO  : 'ps7_post_config' command is executed.
21:46:26 INFO  : Context for processor 'ps7_cortexa9_0' is selected.
21:46:26 INFO  : Processor reset is completed for 'ps7_cortexa9_0'.
21:46:26 INFO  : Context for processor 'ps7_cortexa9_0' is selected.
21:46:26 INFO  : The application '/home/sdelcore/xilinx_workspace/Hello_Zed_C/Debug/Hello_Zed_C.elf' is downloaded to processor 'ps7_cortexa9_0'.
21:46:26 INFO  : 'configparams force-mem-access 0' command is executed.
21:46:26 INFO  : ----------------XSDB Script----------------
connect -url tcp:127.0.0.1:3121
source /home/sdelcore/xilinx_workspace/hw_plaform_0/ps7_init.tcl
targets -set -nocase -filter {name =~"APU*" && jtag_cable_name =~ "Avnet MiniZed V1 1234-oj1A"} -index 0
loadhw -hw /home/sdelcore/xilinx_workspace/hw_plaform_0/system.hdf -mem-ranges [list {0x40000000 0xbfffffff}]
configparams force-mem-access 1
targets -set -nocase -filter {name =~"APU*" && jtag_cable_name =~ "Avnet MiniZed V1 1234-oj1A"} -index 0
stop
ps7_init
ps7_post_config
targets -set -nocase -filter {name =~ "ARM*#0" && jtag_cable_name =~ "Avnet MiniZed V1 1234-oj1A"} -index 0
rst -processor
targets -set -nocase -filter {name =~ "ARM*#0" && jtag_cable_name =~ "Avnet MiniZed V1 1234-oj1A"} -index 0
dow /home/sdelcore/xilinx_workspace/Hello_Zed_C/Debug/Hello_Zed_C.elf
configparams force-mem-access 0
----------------End of Script----------------

21:46:26 INFO  : Memory regions updated for context APU
21:46:26 INFO  : Context for processor 'ps7_cortexa9_0' is selected.
21:46:26 INFO  : 'con' command is executed.
21:46:26 INFO  : ----------------XSDB Script (After Launch)----------------
targets -set -nocase -filter {name =~ "ARM*#0" && jtag_cable_name =~ "Avnet MiniZed V1 1234-oj1A"} -index 0
con
----------------End of Script----------------

21:46:26 INFO  : Launch script is exported to file '/home/sdelcore/xilinx_workspace/.sdk/launch_scripts/xilinx_c-c++_application_(system_debugger)/system_debugger_using_debug_hello_zed_c.elf_on_local.tcl'
21:52:29 WARN  : Given IPC port value is invalid. Using default port 2350
21:52:29 WARN  : Given XMD timeout value is invalid. Using default value of 50000
21:52:32 WARN  : Given XMD transaction timeout value is invalid. Using default value of 60000 milli seconds
21:52:35 WARN  : Given XMD transaction timeout value is invalid. Using default value of 60000 milli seconds
21:52:35 INFO  : Disconnected from the channel tcfchan#6.
21:52:38 WARN  : Given XMD transaction timeout value is invalid. Using default value of 60000 milli seconds
21:52:38 WARN  : Given XMD transaction timeout value is invalid. Using default value of 60000 milli seconds
21:52:38 WARN  : Given XMD transaction timeout value is invalid. Using default value of 60000 milli seconds
21:52:41 ERROR : Unexpected error while launching program.
com.xilinx.sdk.targetmanager.TMException: 
    AP transaction timeout: ACK = 0x01, expected=0x02)

	at com.xilinx.sdk.targetmanager.internal.TM.connectToProcessor(TM.java:478)
	at com.xilinx.sdk.debug.core.XilinxAppLaunchConfigurationDelegate.runTargetSetup(XilinxAppLaunchConfigurationDelegate.java:503)
	at com.xilinx.sdk.debug.core.XilinxAppLaunchConfigurationDelegate.runApplication(XilinxAppLaunchConfigurationDelegate.java:616)
	at com.xilinx.sdk.debug.core.XilinxAppLaunchConfigurationDelegate.launch(XilinxAppLaunchConfigurationDelegate.java:309)
	at com.xilinx.sdk.debug.ui.XilinxAppLaunchDelegateWrapper.launch(XilinxAppLaunchDelegateWrapper.java:31)
	at org.eclipse.debug.internal.core.LaunchConfiguration.launch(LaunchConfiguration.java:885)
	at org.eclipse.debug.internal.core.LaunchConfiguration.launch(LaunchConfiguration.java:739)
	at org.eclipse.debug.internal.ui.DebugUIPlugin.buildAndLaunch(DebugUIPlugin.java:1039)
	at org.eclipse.debug.internal.ui.DebugUIPlugin$8.run(DebugUIPlugin.java:1256)
	at org.eclipse.core.internal.jobs.Worker.run(Worker.java:55)
21:57:14 INFO  : Refreshed build settings on project Hello_Zed_C
21:57:32 INFO  : Connected to target on host '127.0.0.1' and port '3121'.
21:57:32 INFO  : 'targets -set -filter {jtag_cable_name =~ "Avnet MiniZed V1 1234-oj1A" && level==0} -index 1' command is executed.
21:57:36 INFO  : FPGA configured successfully with bitstream "/home/sdelcore/xilinx_workspace/hw_plaform_0/System_wrapper.bit"
21:57:45 INFO  : 'targets -set -filter {jtag_cable_name =~ "Avnet MiniZed V1 1234-oj1A" && level==0} -index 1' command is executed.
21:57:45 INFO  : 'fpga -state' command is executed.
21:57:45 INFO  : Connected to target on host '127.0.0.1' and port '3121'.
21:57:45 INFO  : Jtag cable 'Avnet MiniZed V1 1234-oj1A' is selected.
21:57:45 INFO  : 'jtag frequency' command is executed.
21:57:45 INFO  : Sourcing of '/home/sdelcore/xilinx_workspace/hw_plaform_0/ps7_init.tcl' is done.
21:57:48 ERROR : no targets found with "name =~"APU*" && jtag_cable_name =~ "Avnet MiniZed V1 1234-oj1A"". available targets:
  1  DAP (JTAG port open error. AP transaction error, DAP status 30000021)
  2* xc7z007s
21:57:48 INFO  : ----------------XSDB Script----------------
connect -url tcp:127.0.0.1:3121
source /home/sdelcore/xilinx_workspace/hw_plaform_0/ps7_init.tcl
targets -set -nocase -filter {name =~"APU*" && jtag_cable_name =~ "Avnet MiniZed V1 1234-oj1A"} -index 0
----------------End of Script----------------

21:58:12 INFO  : Connected to target on host '127.0.0.1' and port '3121'.
21:58:12 INFO  : 'targets -set -filter {jtag_cable_name =~ "Avnet MiniZed V1 1234-oj1A" && level==0} -index 1' command is executed.
21:58:15 INFO  : FPGA configured successfully with bitstream "/home/sdelcore/xilinx_workspace/hw_plaform_0/System_wrapper.bit"
21:58:24 INFO  : 'targets -set -filter {jtag_cable_name =~ "Avnet MiniZed V1 1234-oj1A" && level==0} -index 1' command is executed.
21:58:24 INFO  : 'fpga -state' command is executed.
21:58:24 INFO  : Connected to target on host '127.0.0.1' and port '3121'.
21:58:24 INFO  : Jtag cable 'Avnet MiniZed V1 1234-oj1A' is selected.
21:58:24 INFO  : 'jtag frequency' command is executed.
21:58:24 INFO  : Sourcing of '/home/sdelcore/xilinx_workspace/hw_plaform_0/ps7_init.tcl' is done.
21:58:24 INFO  : Context for 'APU' is selected.
21:58:24 INFO  : Hardware design information is loaded from '/home/sdelcore/xilinx_workspace/hw_plaform_0/system.hdf'.
21:58:24 INFO  : 'configparams force-mem-access 1' command is executed.
21:58:24 INFO  : Context for 'APU' is selected.
21:58:24 INFO  : 'stop' command is executed.
21:58:24 INFO  : 'ps7_init' command is executed.
21:58:24 INFO  : 'ps7_post_config' command is executed.
21:58:24 INFO  : Context for processor 'ps7_cortexa9_0' is selected.
21:58:24 INFO  : Processor reset is completed for 'ps7_cortexa9_0'.
21:58:24 INFO  : Context for processor 'ps7_cortexa9_0' is selected.
21:58:24 INFO  : The application '/home/sdelcore/xilinx_workspace/Hello_Zed_C/Debug/Hello_Zed_C.elf' is downloaded to processor 'ps7_cortexa9_0'.
21:58:24 INFO  : 'configparams force-mem-access 0' command is executed.
21:58:24 INFO  : ----------------XSDB Script----------------
connect -url tcp:127.0.0.1:3121
source /home/sdelcore/xilinx_workspace/hw_plaform_0/ps7_init.tcl
targets -set -nocase -filter {name =~"APU*" && jtag_cable_name =~ "Avnet MiniZed V1 1234-oj1A"} -index 0
loadhw -hw /home/sdelcore/xilinx_workspace/hw_plaform_0/system.hdf -mem-ranges [list {0x40000000 0xbfffffff}]
configparams force-mem-access 1
targets -set -nocase -filter {name =~"APU*" && jtag_cable_name =~ "Avnet MiniZed V1 1234-oj1A"} -index 0
stop
ps7_init
ps7_post_config
targets -set -nocase -filter {name =~ "ARM*#0" && jtag_cable_name =~ "Avnet MiniZed V1 1234-oj1A"} -index 0
rst -processor
targets -set -nocase -filter {name =~ "ARM*#0" && jtag_cable_name =~ "Avnet MiniZed V1 1234-oj1A"} -index 0
dow /home/sdelcore/xilinx_workspace/Hello_Zed_C/Debug/Hello_Zed_C.elf
configparams force-mem-access 0
----------------End of Script----------------

21:58:24 INFO  : Memory regions updated for context APU
21:58:25 INFO  : Context for processor 'ps7_cortexa9_0' is selected.
21:58:25 INFO  : 'con' command is executed.
21:58:25 INFO  : ----------------XSDB Script (After Launch)----------------
targets -set -nocase -filter {name =~ "ARM*#0" && jtag_cable_name =~ "Avnet MiniZed V1 1234-oj1A"} -index 0
con
----------------End of Script----------------

21:58:25 INFO  : Launch script is exported to file '/home/sdelcore/xilinx_workspace/.sdk/launch_scripts/xilinx_c-c++_application_(system_debugger)/system_debugger_using_debug_hello_zed_c.elf_on_local.tcl'
21:59:00 INFO  : Connected to target on host '127.0.0.1' and port '3121'.
21:59:00 INFO  : 'targets -set -filter {jtag_cable_name =~ "Avnet MiniZed V1 1234-oj1A" && level==0} -index 1' command is executed.
21:59:01 INFO  : FPGA configured successfully with bitstream "/home/sdelcore/xilinx_workspace/hw_plaform_0/System_wrapper.bit"
21:59:25 INFO  : Disconnected from the channel tcfchan#7.
21:59:26 INFO  : 'targets -set -filter {jtag_cable_name =~ "Avnet MiniZed V1 1234-oj1A" && level==0} -index 1' command is executed.
21:59:26 INFO  : 'fpga -state' command is executed.
21:59:26 INFO  : Connected to target on host '127.0.0.1' and port '3121'.
21:59:26 INFO  : Jtag cable 'Avnet MiniZed V1 1234-oj1A' is selected.
21:59:26 INFO  : 'jtag frequency' command is executed.
21:59:26 INFO  : Sourcing of '/home/sdelcore/xilinx_workspace/hw_plaform_0/ps7_init.tcl' is done.
21:59:26 INFO  : Context for 'APU' is selected.
21:59:28 INFO  : Hardware design information is loaded from '/home/sdelcore/xilinx_workspace/hw_plaform_0/system.hdf'.
21:59:28 INFO  : 'configparams force-mem-access 1' command is executed.
21:59:28 INFO  : Context for 'APU' is selected.
21:59:28 INFO  : 'stop' command is executed.
21:59:28 INFO  : 'ps7_init' command is executed.
21:59:28 INFO  : 'ps7_post_config' command is executed.
21:59:28 INFO  : Context for processor 'ps7_cortexa9_0' is selected.
21:59:28 INFO  : Processor reset is completed for 'ps7_cortexa9_0'.
21:59:28 INFO  : Context for processor 'ps7_cortexa9_0' is selected.
21:59:28 INFO  : The application '/home/sdelcore/xilinx_workspace/Hello_Zed_C/Debug/Hello_Zed_C.elf' is downloaded to processor 'ps7_cortexa9_0'.
21:59:28 INFO  : 'configparams force-mem-access 0' command is executed.
21:59:28 INFO  : ----------------XSDB Script----------------
connect -url tcp:127.0.0.1:3121
source /home/sdelcore/xilinx_workspace/hw_plaform_0/ps7_init.tcl
targets -set -nocase -filter {name =~"APU*" && jtag_cable_name =~ "Avnet MiniZed V1 1234-oj1A"} -index 0
loadhw -hw /home/sdelcore/xilinx_workspace/hw_plaform_0/system.hdf -mem-ranges [list {0x40000000 0xbfffffff}]
configparams force-mem-access 1
targets -set -nocase -filter {name =~"APU*" && jtag_cable_name =~ "Avnet MiniZed V1 1234-oj1A"} -index 0
stop
ps7_init
ps7_post_config
targets -set -nocase -filter {name =~ "ARM*#0" && jtag_cable_name =~ "Avnet MiniZed V1 1234-oj1A"} -index 0
rst -processor
targets -set -nocase -filter {name =~ "ARM*#0" && jtag_cable_name =~ "Avnet MiniZed V1 1234-oj1A"} -index 0
dow /home/sdelcore/xilinx_workspace/Hello_Zed_C/Debug/Hello_Zed_C.elf
configparams force-mem-access 0
----------------End of Script----------------

21:59:28 INFO  : Memory regions updated for context APU
21:59:28 INFO  : Context for processor 'ps7_cortexa9_0' is selected.
21:59:28 INFO  : 'con' command is executed.
21:59:28 INFO  : ----------------XSDB Script (After Launch)----------------
targets -set -nocase -filter {name =~ "ARM*#0" && jtag_cable_name =~ "Avnet MiniZed V1 1234-oj1A"} -index 0
con
----------------End of Script----------------

21:59:28 INFO  : Launch script is exported to file '/home/sdelcore/xilinx_workspace/.sdk/launch_scripts/xilinx_c-c++_application_(system_debugger)/system_debugger_using_debug_hello_zed_c.elf_on_local.tcl'
23:02:07 INFO  : Disconnected from the channel tcfchan#8.
23:02:08 INFO  : 'targets -set -filter {jtag_cable_name =~ "Avnet MiniZed V1 1234-oj1A" && level==0} -index 1' command is executed.
23:02:08 INFO  : 'fpga -state' command is executed.
23:02:08 INFO  : Connected to target on host '127.0.0.1' and port '3121'.
23:02:08 INFO  : Jtag cable 'Avnet MiniZed V1 1234-oj1A' is selected.
23:02:08 INFO  : 'jtag frequency' command is executed.
23:02:08 INFO  : Sourcing of '/home/sdelcore/xilinx_workspace/hw_plaform_0/ps7_init.tcl' is done.
23:02:08 INFO  : Context for 'APU' is selected.
23:02:10 INFO  : Hardware design information is loaded from '/home/sdelcore/xilinx_workspace/hw_plaform_0/system.hdf'.
23:02:10 INFO  : 'configparams force-mem-access 1' command is executed.
23:02:10 INFO  : Context for 'APU' is selected.
23:02:10 INFO  : 'stop' command is executed.
23:02:10 INFO  : 'ps7_init' command is executed.
23:02:10 INFO  : 'ps7_post_config' command is executed.
23:02:10 INFO  : Context for processor 'ps7_cortexa9_0' is selected.
23:02:10 INFO  : Processor reset is completed for 'ps7_cortexa9_0'.
23:02:10 INFO  : Context for processor 'ps7_cortexa9_0' is selected.
23:02:10 INFO  : The application '/home/sdelcore/xilinx_workspace/Mem_Test/Debug/Mem_Test.elf' is downloaded to processor 'ps7_cortexa9_0'.
23:02:10 INFO  : 'configparams force-mem-access 0' command is executed.
23:02:10 INFO  : ----------------XSDB Script----------------
connect -url tcp:127.0.0.1:3121
source /home/sdelcore/xilinx_workspace/hw_plaform_0/ps7_init.tcl
targets -set -nocase -filter {name =~"APU*" && jtag_cable_name =~ "Avnet MiniZed V1 1234-oj1A"} -index 0
loadhw -hw /home/sdelcore/xilinx_workspace/hw_plaform_0/system.hdf -mem-ranges [list {0x40000000 0xbfffffff}]
configparams force-mem-access 1
targets -set -nocase -filter {name =~"APU*" && jtag_cable_name =~ "Avnet MiniZed V1 1234-oj1A"} -index 0
stop
ps7_init
ps7_post_config
targets -set -nocase -filter {name =~ "ARM*#0" && jtag_cable_name =~ "Avnet MiniZed V1 1234-oj1A"} -index 0
rst -processor
targets -set -nocase -filter {name =~ "ARM*#0" && jtag_cable_name =~ "Avnet MiniZed V1 1234-oj1A"} -index 0
dow /home/sdelcore/xilinx_workspace/Mem_Test/Debug/Mem_Test.elf
configparams force-mem-access 0
----------------End of Script----------------

23:02:10 INFO  : Memory regions updated for context APU
23:02:10 INFO  : Context for processor 'ps7_cortexa9_0' is selected.
23:02:10 INFO  : 'con' command is executed.
23:02:10 INFO  : ----------------XSDB Script (After Launch)----------------
targets -set -nocase -filter {name =~ "ARM*#0" && jtag_cable_name =~ "Avnet MiniZed V1 1234-oj1A"} -index 0
con
----------------End of Script----------------

23:02:10 INFO  : Launch script is exported to file '/home/sdelcore/xilinx_workspace/.sdk/launch_scripts/xilinx_c-c++_application_(system_debugger)/system_debugger_using_debug_mem_test.elf_on_local.tcl'
23:02:39 INFO  : Disconnected from the channel tcfchan#9.
23:02:40 INFO  : 'targets -set -filter {jtag_cable_name =~ "Avnet MiniZed V1 1234-oj1A" && level==0} -index 1' command is executed.
23:02:40 INFO  : 'fpga -state' command is executed.
23:02:40 INFO  : Connected to target on host '127.0.0.1' and port '3121'.
23:02:40 INFO  : Jtag cable 'Avnet MiniZed V1 1234-oj1A' is selected.
23:02:40 INFO  : 'jtag frequency' command is executed.
23:02:40 INFO  : Sourcing of '/home/sdelcore/xilinx_workspace/hw_plaform_0/ps7_init.tcl' is done.
23:02:40 INFO  : Context for 'APU' is selected.
23:02:42 INFO  : Hardware design information is loaded from '/home/sdelcore/xilinx_workspace/hw_plaform_0/system.hdf'.
23:02:42 INFO  : 'configparams force-mem-access 1' command is executed.
23:02:42 INFO  : Context for 'APU' is selected.
23:02:42 INFO  : 'stop' command is executed.
23:02:42 INFO  : 'ps7_init' command is executed.
23:02:42 INFO  : 'ps7_post_config' command is executed.
23:02:42 INFO  : Context for processor 'ps7_cortexa9_0' is selected.
23:02:42 INFO  : Processor reset is completed for 'ps7_cortexa9_0'.
23:02:42 INFO  : Context for processor 'ps7_cortexa9_0' is selected.
23:02:43 INFO  : The application '/home/sdelcore/xilinx_workspace/Periph_Test/Debug/Periph_Test.elf' is downloaded to processor 'ps7_cortexa9_0'.
23:02:43 INFO  : 'configparams force-mem-access 0' command is executed.
23:02:43 INFO  : ----------------XSDB Script----------------
connect -url tcp:127.0.0.1:3121
source /home/sdelcore/xilinx_workspace/hw_plaform_0/ps7_init.tcl
targets -set -nocase -filter {name =~"APU*" && jtag_cable_name =~ "Avnet MiniZed V1 1234-oj1A"} -index 0
loadhw -hw /home/sdelcore/xilinx_workspace/hw_plaform_0/system.hdf -mem-ranges [list {0x40000000 0xbfffffff}]
configparams force-mem-access 1
targets -set -nocase -filter {name =~"APU*" && jtag_cable_name =~ "Avnet MiniZed V1 1234-oj1A"} -index 0
stop
ps7_init
ps7_post_config
targets -set -nocase -filter {name =~ "ARM*#0" && jtag_cable_name =~ "Avnet MiniZed V1 1234-oj1A"} -index 0
rst -processor
targets -set -nocase -filter {name =~ "ARM*#0" && jtag_cable_name =~ "Avnet MiniZed V1 1234-oj1A"} -index 0
dow /home/sdelcore/xilinx_workspace/Periph_Test/Debug/Periph_Test.elf
configparams force-mem-access 0
----------------End of Script----------------

23:02:43 INFO  : Memory regions updated for context APU
23:02:43 INFO  : Context for processor 'ps7_cortexa9_0' is selected.
23:02:43 INFO  : 'con' command is executed.
23:02:43 INFO  : ----------------XSDB Script (After Launch)----------------
targets -set -nocase -filter {name =~ "ARM*#0" && jtag_cable_name =~ "Avnet MiniZed V1 1234-oj1A"} -index 0
con
----------------End of Script----------------

23:02:43 INFO  : Launch script is exported to file '/home/sdelcore/xilinx_workspace/.sdk/launch_scripts/xilinx_c-c++_application_(system_debugger)/system_debugger_using_debug_periph_test.elf_on_local.tcl'
23:11:06 INFO  : Disconnected from the channel tcfchan#10.
23:11:07 INFO  : 'targets -set -filter {jtag_cable_name =~ "Avnet MiniZed V1 1234-oj1A" && level==0} -index 1' command is executed.
23:11:07 INFO  : 'fpga -state' command is executed.
23:11:07 INFO  : Connected to target on host '127.0.0.1' and port '3121'.
23:11:07 INFO  : Jtag cable 'Avnet MiniZed V1 1234-oj1A' is selected.
23:11:07 INFO  : 'jtag frequency' command is executed.
23:11:07 INFO  : Sourcing of '/home/sdelcore/xilinx_workspace/hw_plaform_0/ps7_init.tcl' is done.
23:11:07 INFO  : Context for 'APU' is selected.
23:11:09 INFO  : Hardware design information is loaded from '/home/sdelcore/xilinx_workspace/hw_plaform_0/system.hdf'.
23:11:09 INFO  : 'configparams force-mem-access 1' command is executed.
23:11:09 INFO  : Context for 'APU' is selected.
23:11:09 INFO  : 'stop' command is executed.
23:11:09 INFO  : 'ps7_init' command is executed.
23:11:09 INFO  : 'ps7_post_config' command is executed.
23:11:09 INFO  : Context for processor 'ps7_cortexa9_0' is selected.
23:11:09 INFO  : Processor reset is completed for 'ps7_cortexa9_0'.
23:11:09 INFO  : Context for processor 'ps7_cortexa9_0' is selected.
23:11:10 INFO  : The application '/home/sdelcore/xilinx_workspace/ZynqDRAM_Test/Debug/ZynqDRAM_Test.elf' is downloaded to processor 'ps7_cortexa9_0'.
23:11:10 INFO  : 'configparams force-mem-access 0' command is executed.
23:11:10 INFO  : ----------------XSDB Script----------------
connect -url tcp:127.0.0.1:3121
source /home/sdelcore/xilinx_workspace/hw_plaform_0/ps7_init.tcl
targets -set -nocase -filter {name =~"APU*" && jtag_cable_name =~ "Avnet MiniZed V1 1234-oj1A"} -index 0
loadhw -hw /home/sdelcore/xilinx_workspace/hw_plaform_0/system.hdf -mem-ranges [list {0x40000000 0xbfffffff}]
configparams force-mem-access 1
targets -set -nocase -filter {name =~"APU*" && jtag_cable_name =~ "Avnet MiniZed V1 1234-oj1A"} -index 0
stop
ps7_init
ps7_post_config
targets -set -nocase -filter {name =~ "ARM*#0" && jtag_cable_name =~ "Avnet MiniZed V1 1234-oj1A"} -index 0
rst -processor
targets -set -nocase -filter {name =~ "ARM*#0" && jtag_cable_name =~ "Avnet MiniZed V1 1234-oj1A"} -index 0
dow /home/sdelcore/xilinx_workspace/ZynqDRAM_Test/Debug/ZynqDRAM_Test.elf
configparams force-mem-access 0
----------------End of Script----------------

23:11:10 INFO  : Memory regions updated for context APU
23:11:10 INFO  : Context for processor 'ps7_cortexa9_0' is selected.
23:11:10 INFO  : 'con' command is executed.
23:11:10 INFO  : ----------------XSDB Script (After Launch)----------------
targets -set -nocase -filter {name =~ "ARM*#0" && jtag_cable_name =~ "Avnet MiniZed V1 1234-oj1A"} -index 0
con
----------------End of Script----------------

23:11:10 INFO  : Launch script is exported to file '/home/sdelcore/xilinx_workspace/.sdk/launch_scripts/xilinx_c-c++_application_(system_debugger)/system_debugger_using_debug_zynqdram_test.elf_on_local.tcl'
14:47:06 INFO  : Disconnected from the channel tcfchan#11.
14:47:08 ERROR : Unexpected error while parsing XMD response : com.google.gson.JsonSyntaxException: com.google.gson.stream.MalformedJsonException: invalid number or unquoted string near 
22:20:24 INFO  : Registering command handlers for SDK TCF services
22:20:25 INFO  : Launching XSCT server: xsct -n -interactive /home/sdelcore/Projects/xilinx_workspace/temp_xsdb_launch_script.tcl
22:20:27 INFO  : XSCT server has started successfully.
22:20:28 INFO  : Successfully done setting XSCT server connection channel  
22:20:28 INFO  : Successfully done setting SDK workspace  
