#-----------------------------------------------------------
# Webtalk v2017.4 (64-bit)
# SW Build 2086221 on Fri Dec 15 20:54:30 MST 2017
# 
# Start of session at: Tue Dec 26 14:47:07 2017
# Process ID: 15904
# Current directory: /home/sdelcore/xilinx_workspace/webtalk
# Command line: wbtcv -mode batch -source sdk_webtalk.tcl
# Log file: /home/sdelcore/xilinx_workspace/webtalk/webtalk.log
# Journal file: /home/sdelcore/xilinx_workspace/webtalk/webtalk.jou
#-----------------------------------------------------------
source sdk_webtalk.tcl
# webtalk_init -webtalk_dir /home/sdelcore/xilinx_workspace/webtalk
# webtalk_register_client -client project
# webtalk_add_data -client project -key date_generated -value "2017-12-26 14:47:06" -context "software_version_and_target_device"
# webtalk_add_data -client project -key product_version -value "SDK v2017.4" -context "software_version_and_target_device"
# webtalk_add_data -client project -key build_version -value "2017.4" -context "software_version_and_target_device"
# webtalk_add_data -client project -key os_platform -value "amd64" -context "software_version_and_target_device"
# webtalk_add_data -client project -key registration_id -value "" -context "software_version_and_target_device"
# webtalk_add_data -client project -key tool_flow -value "SDK" -context "software_version_and_target_device"
# webtalk_add_data -client project -key beta -value "false" -context "software_version_and_target_device"
# webtalk_add_data -client project -key route_design -value "NA" -context "software_version_and_target_device"
# webtalk_add_data -client project -key target_family -value "NA" -context "software_version_and_target_device"
# webtalk_add_data -client project -key target_device -value "NA" -context "software_version_and_target_device"
# webtalk_add_data -client project -key target_package -value "NA" -context "software_version_and_target_device"
# webtalk_add_data -client project -key target_speed -value "NA" -context "software_version_and_target_device"
# webtalk_add_data -client project -key random_id -value "pti4i3ij4vmitt25o2jshh8mq6" -context "software_version_and_target_device"
# webtalk_add_data -client project -key project_id -value "2017.4_1" -context "software_version_and_target_device"
# webtalk_add_data -client project -key project_iteration -value "1" -context "software_version_and_target_device"
# webtalk_add_data -client project -key os_name -value "Fedora" -context "user_environment"
# webtalk_add_data -client project -key os_release -value "Fedora release 27 (Twenty Seven)" -context "user_environment"
# webtalk_add_data -client project -key cpu_name -value "Intel(R) Core(TM) i7-4510U CPU @ 2.00GHz" -context "user_environment"
# webtalk_add_data -client project -key cpu_speed -value "2593.931 MHz" -context "user_environment"
# webtalk_add_data -client project -key total_processors -value "1" -context "user_environment"
# webtalk_add_data -client project -key system_ram -value "8.276 GB" -context "user_environment"
# webtalk_register_client -client sdk
# webtalk_add_data -client sdk -key uid -value "1514173858000" -context "sdk\\\\application/1514173858000"
# webtalk_add_data -client sdk -key hwid -value "1513997768000" -context "sdk\\\\application/1514173858000"
# webtalk_add_data -client sdk -key bspid -value "1514039109000" -context "sdk\\\\application/1514173858000"
# webtalk_add_data -client sdk -key newbsp -value "false" -context "sdk\\\\application/1514173858000"
# webtalk_add_data -client sdk -key os -value "standalone" -context "sdk\\\\application/1514173858000"
# webtalk_add_data -client sdk -key apptemplate -value "memory_tests" -context "sdk\\\\application/1514173858000"
# webtalk_add_data -client sdk -key RecordType -value "APPCreation" -context "sdk\\\\application/1514173858000"
# webtalk_add_data -client sdk -key LangUsed -value "C" -context "sdk\\\\application/1514173858000"
# webtalk_add_data -client sdk -key Procused -value "ps7_cortexa9" -context "sdk\\\\application/1514173858000"
# webtalk_add_data -client sdk -key projSize -value "172.45703125" -context "sdk\\\\application/1514173858000"
# webtalk_add_data -client sdk -key uid -value "1514173906000" -context "sdk\\\\application/1514173906000"
# webtalk_add_data -client sdk -key hwid -value "1513997768000" -context "sdk\\\\application/1514173906000"
# webtalk_add_data -client sdk -key bspid -value "1514039109000" -context "sdk\\\\application/1514173906000"
# webtalk_add_data -client sdk -key newbsp -value "false" -context "sdk\\\\application/1514173906000"
# webtalk_add_data -client sdk -key os -value "standalone" -context "sdk\\\\application/1514173906000"
# webtalk_add_data -client sdk -key apptemplate -value "peripheral_tests" -context "sdk\\\\application/1514173906000"
# webtalk_add_data -client sdk -key RecordType -value "APPCreation" -context "sdk\\\\application/1514173906000"
# webtalk_add_data -client sdk -key LangUsed -value "C" -context "sdk\\\\application/1514173906000"
# webtalk_add_data -client sdk -key Procused -value "ps7_cortexa9" -context "sdk\\\\application/1514173906000"
# webtalk_add_data -client sdk -key projSize -value "340.4921875" -context "sdk\\\\application/1514173906000"
# webtalk_add_data -client sdk -key uid -value "1514173941000" -context "sdk\\\\application/1514173941000"
# webtalk_add_data -client sdk -key hwid -value "1513997768000" -context "sdk\\\\application/1514173941000"
# webtalk_add_data -client sdk -key bspid -value "1514039109000" -context "sdk\\\\application/1514173941000"
# webtalk_add_data -client sdk -key newbsp -value "false" -context "sdk\\\\application/1514173941000"
# webtalk_add_data -client sdk -key os -value "standalone" -context "sdk\\\\application/1514173941000"
# webtalk_add_data -client sdk -key apptemplate -value "hello_world" -context "sdk\\\\application/1514173941000"
# webtalk_add_data -client sdk -key RecordType -value "APPCreation" -context "sdk\\\\application/1514173941000"
# webtalk_add_data -client sdk -key LangUsed -value "C" -context "sdk\\\\application/1514173941000"
# webtalk_add_data -client sdk -key Procused -value "ps7_cortexa9" -context "sdk\\\\application/1514173941000"
# webtalk_add_data -client sdk -key uid -value "1514174023000" -context "sdk\\\\application/1514174023000"
# webtalk_add_data -client sdk -key hwid -value "1513997768000" -context "sdk\\\\application/1514174023000"
# webtalk_add_data -client sdk -key bspid -value "1514039109000" -context "sdk\\\\application/1514174023000"
# webtalk_add_data -client sdk -key newbsp -value "false" -context "sdk\\\\application/1514174023000"
# webtalk_add_data -client sdk -key os -value "standalone" -context "sdk\\\\application/1514174023000"
# webtalk_add_data -client sdk -key apptemplate -value "zynq_dram_test" -context "sdk\\\\application/1514174023000"
# webtalk_add_data -client sdk -key RecordType -value "APPCreation" -context "sdk\\\\application/1514174023000"
# webtalk_add_data -client sdk -key LangUsed -value "C" -context "sdk\\\\application/1514174023000"
# webtalk_add_data -client sdk -key Procused -value "ps7_cortexa9" -context "sdk\\\\application/1514174023000"
# webtalk_add_data -client sdk -key projSize -value "314.390625" -context "sdk\\\\application/1514174023000"
# webtalk_add_data -client sdk -key uid -value "NA" -context "sdk\\\\bsp/1514317626860"
# webtalk_add_data -client sdk -key RecordType -value "ToolUsage" -context "sdk\\\\bsp/1514317626860"
# webtalk_add_data -client sdk -key BootgenCount -value "0" -context "sdk\\\\bsp/1514317626860"
# webtalk_add_data -client sdk -key DebugCount -value "12" -context "sdk\\\\bsp/1514317626860"
# webtalk_add_data -client sdk -key PerfCount -value "0" -context "sdk\\\\bsp/1514317626860"
# webtalk_add_data -client sdk -key FlashCount -value "0" -context "sdk\\\\bsp/1514317626860"
# webtalk_add_data -client sdk -key CrossTriggCount -value "0" -context "sdk\\\\bsp/1514317626860"
# webtalk_add_data -client sdk -key QemuDebugCount -value "0" -context "sdk\\\\bsp/1514317626860"
# webtalk_transmit -clientid 3753634327 -regid "" -xml /home/sdelcore/xilinx_workspace/webtalk/usage_statistics_ext_sdk.xml -html /home/sdelcore/xilinx_workspace/webtalk/usage_statistics_ext_sdk.html -wdm /home/sdelcore/xilinx_workspace/webtalk/sdk_webtalk.wdm -intro "<H3>SDK Usage Report</H3><BR>"
INFO: [Common 17-186] '/home/sdelcore/xilinx_workspace/webtalk/usage_statistics_ext_sdk.xml' has been successfully sent to Xilinx on Tue Dec 26 14:47:11 2017. For additional details about this file, please refer to the WebTalk help file at /home/sdelcore/Xilinx/SDK/2017.4/doc/webtalk_introduction.html.
# webtalk_terminate
INFO: [Common 17-206] Exiting Webtalk at Tue Dec 26 14:47:11 2017...
